==================== 2026-06-25T02:10:34.681299Z | 019efc8b-1838-7d32-94d2-5aba83fd412a ====================
02:10:34.681470 [info ]: dbt-core 2.0.0-alpha.2
02:10:34.681783 [info ]: Started loading project
02:10:34.683731 [info ]: Loading profiles.yml
02:10:34.684911 [info ]: Finished loading project [  0.00s]
02:10:34.684992 [info ]: Started debugging
02:10:34.685039 [info ]: Debugging profile: dev
02:10:34.685049 [info ]: Debugging dbt version: 2.0.0-alpha.2
02:10:34.685055 [info ]: Debugging platform: macos aarch64 (unix)
02:10:34.685084 [info ]: Debugging adapter type: snowflake (remote)
02:10:34.696486 [info ]: Debugging dependencies:
  git: OK
02:10:34.696759 [info ]: Debugging connection:
  "account": "XSAPEYO-WU63533",
  "user": "CRYPTO_PIPELINE_USER",
  "database": "CRYPTO_ANALYTICS",
  "warehouse": "CRYPTO_ANALYTICS_WH",
  "schema": "STAGING",
  "role": "CRYPTO_PIPELINE_ROLE"
02:10:37.278639 [info ]: Finished debugging [  2.59s]
02:10:37.278894 [error]: [AuthenticationFailed (dbt1011)]: dbt was unable to connect to the specified database.
The following error was returned:

[Snowflake] 390100 (08004): Incorrect username or password was specified.

Check your database credentials and try again. For more information, visit:
https://docs.getdbt.com/docs/core/connect-data-platform/connection-profiles
02:10:37.337171 [info ]: 
==================== Execution Summary =====================
Finished 'debug' with 1 error for target 'dev' [2.7s]
==================== 2026-06-25T02:12:18.895612Z | 019efc8c-af4e-7020-843a-f7f89cb44bf5 ====================
02:12:18.895660 [info ]: dbt-core 2.0.0-alpha.2
02:12:18.895906 [info ]: Started loading project
02:12:18.897379 [info ]: Loading profiles.yml
02:12:18.898087 [info ]: Finished loading project [  0.00s]
02:12:18.898131 [info ]: Started debugging
02:12:18.898196 [info ]: Debugging profile: dev
02:12:18.898248 [info ]: Debugging dbt version: 2.0.0-alpha.2
02:12:18.898263 [info ]: Debugging platform: macos aarch64 (unix)
02:12:18.898463 [info ]: Debugging adapter type: snowflake (remote)
02:12:18.918677 [info ]: Debugging dependencies:
  git: OK
02:12:18.918752 [info ]: Debugging connection:
  "account": "XSAPEYO-WU63533",
  "user": "CRYPTO_PIPELINE_USER",
  "database": "CRYPTO_ANALYTICS",
  "warehouse": "CRYPTO_ANALYTICS_WH",
  "schema": "STAGING",
  "role": "CRYPTO_PIPELINE_ROLE"
02:12:19.318870 [info ]: Finished debugging [  0.42s]
02:12:19.318946 [error]: [AuthenticationFailed (dbt1011)]: dbt was unable to connect to the specified database.
The following error was returned:

[Snowflake] 390100 (08004): Incorrect username or password was specified.

Check your database credentials and try again. For more information, visit:
https://docs.getdbt.com/docs/core/connect-data-platform/connection-profiles
02:12:19.587540 [info ]: 
==================== Execution Summary =====================
Finished 'debug' with 1 error for target 'dev' [691ms]
==================== 2026-06-25T02:18:04.774791Z | 019efc91-f649-7ed3-be86-10cd51227941 ====================
02:18:04.776576 [info ]: dbt-core 2.0.0-alpha.2
02:18:04.780087 [info ]: Started loading project
02:18:04.877494 [info ]: Loading profiles.yml
02:18:04.885461 [info ]: Finished loading project [  0.11s]
02:18:04.885885 [info ]: Started debugging
02:18:04.886090 [info ]: Debugging profile: dev
02:18:04.886106 [info ]: Debugging dbt version: 2.0.0-alpha.2
02:18:04.886112 [info ]: Debugging platform: macos aarch64 (unix)
02:18:04.886460 [info ]: Debugging adapter type: snowflake (remote)
02:18:04.906039 [info ]: Debugging dependencies:
  git: OK
02:18:04.924722 [info ]: Debugging connection:
  "account": "XSAPEYO-WU63533",
  "user": "BOBJOE4444",
  "database": "CRYPTO_ANALYTICS",
  "warehouse": "CRYPTO_ANALYTICS_WH",
  "schema": "STAGING",
  "role": "CRYPTO_PIPELINE_ROLE"
02:18:05.838898 [info ]: Finished debugging [  0.95s]
02:18:05.840008 [error]: [AuthenticationFailed (dbt1011)]: dbt was unable to connect to the specified database.
The following error was returned:

[Snowflake] 390189 (08004): Role 'CRYPTO_PIPELINE_ROLE' specified in the connect string does not exist or not authorized. Contact your local system administrator, or attempt to login with another role, e.g. PUBLIC.

Check your database credentials and try again. For more information, visit:
https://docs.getdbt.com/docs/core/connect-data-platform/connection-profiles
02:18:05.899464 [info ]: 
==================== Execution Summary =====================
Finished 'debug' with 1 error for target 'dev' [1.1s]
